<?xml version="1.0" encoding="UTF-8"?>
<!-- Generated by org.testng.reporters.JUnitReportReporter -->
<testsuite hostname="LAPTOP-PKPP5N4P" failures="0" tests="1" name="MvnPractice.DemoTest" time="0.007" errors="0" timestamp="2022-09-15T11:05:40 IST" skipped="0">
  <testcase classname="MvnPractice.DemoTest" name="DemoTest1" time="0.007"/>
  <system-out/>
</testsuite> <!-- MvnPractice.DemoTest -->
