<?xml version="1.0" encoding="UTF-8"?>
<!-- Generated by org.testng.reporters.JUnitReportReporter -->
<testsuite hostname="LAPTOP-PKPP5N4P" failures="0" tests="1" name="MvnPractice.ReadDataFromcmdLine" time="0.007" errors="0" timestamp="2022-09-15T20:49:54 IST" skipped="0">
  <testcase classname="MvnPractice.ReadDataFromcmdLine" name="readData" time="0.007"/>
  <system-out/>
</testsuite> <!-- MvnPractice.ReadDataFromcmdLine -->
